<?xml version="1.0" encoding="UTF-8"?>
<Site BuildName="Win32-MSBuild"
	BuildStamp="20230615-1415-Experimental"
	Name="ENGG-ECE0664"
	Generator="ctest-3.27.0-rc2"
	CompilerName="C:/Program Files/Microsoft Visual Studio/2022/Community/VC/Tools/MSVC/14.36.32532/bin/Hostx64/x64/cl.exe"
	CompilerVersion="19.36.32534.0"
	OSName="Windows"
	Hostname="ENGG-ECE0664"
	OSRelease=" Professional"
	OSVersion=" (Build 19045)"
	OSPlatform="AMD64"
	Is64Bits="1"
	VendorString="GenuineIntel"
	VendorID="Intel Corporation"
	FamilyID="6"
	ModelID="14"
	ProcessorCacheSize="-1"
	NumberOfLogicalCPU="12"
	NumberOfPhysicalCPU="6"
	TotalVirtualMemory="43828"
	TotalPhysicalMemory="16180"
	LogicalProcessorsPerPhysical="2"
	ProcessorClockFrequency="3191"
	>
	<Testing>
		<StartDateTime>Jun 15 11:01 Central Daylight Time</StartDateTime>
		<StartTestTime>1686844896</StartTestTime>
		<TestList/>
		<EndDateTime>Jun 15 11:01 Central Daylight Time</EndDateTime>
		<EndTestTime>1686844896</EndTestTime>
		<ElapsedMinutes>0</ElapsedMinutes>
	</Testing>
</Site>
